g++ -c -o Main.o Main.cpp -g -I. -fpermissive
g++ -c -o Matrix.o Matrix.cpp -g -I. -fpermissive
g++ -c -o Tetris.o Tetris.cpp -g -I. -fpermissive
g++ -c -o CTetris.o CTetris.cpp -g -I. -fpermissive
g++ -c -o ttymodes.o ttymodes.c -g -I. -fpermissive
g++ -o Main.exe Main.o Matrix.o Tetris.o CTetris.o ttymodes.o -g -I. -fpermissive 
Matrix.o: In function `Matrix::alloc(int, int)':
/home/tjddus0403/tetris/assign/Matrix.cpp:3: multiple definition of `Matrix::alloc(int, int)'
Main.o:/home/tjddus0403/tetris/assign/Matrix.cpp:3: first defined here
Matrix.o: In function `Matrix::get_dy()':
/home/tjddus0403/tetris/assign/Matrix.cpp:15: multiple definition of `Matrix::get_dy()'
Main.o:/home/tjddus0403/tetris/assign/Matrix.cpp:15: first defined here
Matrix.o: In function `Matrix::get_dx()':
/home/tjddus0403/tetris/assign/Matrix.cpp:17: multiple definition of `Matrix::get_dx()'
Main.o:/home/tjddus0403/tetris/assign/Matrix.cpp:17: first defined here
Matrix.o: In function `Matrix::get_array()':
/home/tjddus0403/tetris/assign/Matrix.cpp:19: multiple definition of `Matrix::get_array()'
Main.o:/home/tjddus0403/tetris/assign/Matrix.cpp:19: first defined here
Matrix.o: In function `Matrix::Matrix()':
/home/tjddus0403/tetris/assign/Matrix.cpp:21: multiple definition of `Matrix::Matrix()'
Main.o:/home/tjddus0403/tetris/assign/Matrix.cpp:21: first defined here
Matrix.o: In function `Matrix::Matrix()':
/home/tjddus0403/tetris/assign/Matrix.cpp:21: multiple definition of `Matrix::Matrix()'
Main.o:/home/tjddus0403/tetris/assign/Matrix.cpp:21: first defined here
Matrix.o: In function `Matrix::~Matrix()':
/home/tjddus0403/tetris/assign/Matrix.cpp:23: multiple definition of `Matrix::~Matrix()'
Main.o:/home/tjddus0403/tetris/assign/Matrix.cpp:23: first defined here
Matrix.o: In function `Matrix::~Matrix()':
/home/tjddus0403/tetris/assign/Matrix.cpp:23: multiple definition of `Matrix::~Matrix()'
Main.o:/home/tjddus0403/tetris/assign/Matrix.cpp:23: first defined here
Matrix.o: In function `Matrix::Matrix(int, int)':
/home/tjddus0403/tetris/assign/Matrix.cpp:29: multiple definition of `Matrix::Matrix(int, int)'
Main.o:/home/tjddus0403/tetris/assign/Matrix.cpp:29: first defined here
Matrix.o: In function `Matrix::Matrix(int, int)':
/home/tjddus0403/tetris/assign/Matrix.cpp:29: multiple definition of `Matrix::Matrix(int, int)'
Main.o:/home/tjddus0403/tetris/assign/Matrix.cpp:29: first defined here
Matrix.o: In function `Matrix::Matrix(Matrix const*)':
/home/tjddus0403/tetris/assign/Matrix.cpp:37: multiple definition of `Matrix::Matrix(Matrix const*)'
Main.o:/home/tjddus0403/tetris/assign/Matrix.cpp:37: first defined here
Matrix.o: In function `Matrix::Matrix(Matrix const*)':
/home/tjddus0403/tetris/assign/Matrix.cpp:37: multiple definition of `Matrix::Matrix(Matrix const*)'
Main.o:/home/tjddus0403/tetris/assign/Matrix.cpp:37: first defined here
Matrix.o: In function `Matrix::Matrix(Matrix const&)':
/home/tjddus0403/tetris/assign/Matrix.cpp:45: multiple definition of `Matrix::Matrix(Matrix const&)'
Main.o:/home/tjddus0403/tetris/assign/Matrix.cpp:45: first defined here
Matrix.o: In function `Matrix::Matrix(Matrix const&)':
/home/tjddus0403/tetris/assign/Matrix.cpp:45: multiple definition of `Matrix::Matrix(Matrix const&)'
Main.o:/home/tjddus0403/tetris/assign/Matrix.cpp:45: first defined here
Matrix.o: In function `Matrix::Matrix(int*, int, int)':
/home/tjddus0403/tetris/assign/Matrix.cpp:53: multiple definition of `Matrix::Matrix(int*, int, int)'
Main.o:/home/tjddus0403/tetris/assign/Matrix.cpp:53: first defined here
Matrix.o: In function `Matrix::Matrix(int*, int, int)':
/home/tjddus0403/tetris/assign/Matrix.cpp:53: multiple definition of `Matrix::Matrix(int*, int, int)'
Main.o:/home/tjddus0403/tetris/assign/Matrix.cpp:53: first defined here
Matrix.o: In function `Matrix::clip(int, int, int, int)':
/home/tjddus0403/tetris/assign/Matrix.cpp:61: multiple definition of `Matrix::clip(int, int, int, int)'
Main.o:/home/tjddus0403/tetris/assign/Matrix.cpp:61: first defined here
Matrix.o: In function `Matrix::paste(Matrix const*, int, int)':
/home/tjddus0403/tetris/assign/Matrix.cpp:79: multiple definition of `Matrix::paste(Matrix const*, int, int)'
Main.o:/home/tjddus0403/tetris/assign/Matrix.cpp:79: first defined here
Matrix.o: In function `Matrix::add(Matrix const*)':
/home/tjddus0403/tetris/assign/Matrix.cpp:92: multiple definition of `Matrix::add(Matrix const*)'
Main.o:/home/tjddus0403/tetris/assign/Matrix.cpp:92: first defined here
Matrix.o: In function `Matrix::sum()':
/home/tjddus0403/tetris/assign/Matrix.cpp:101: multiple definition of `Matrix::sum()'
Main.o:/home/tjddus0403/tetris/assign/Matrix.cpp:101: first defined here
Matrix.o: In function `Matrix::mulc(int)':
/home/tjddus0403/tetris/assign/Matrix.cpp:109: multiple definition of `Matrix::mulc(int)'
Main.o:/home/tjddus0403/tetris/assign/Matrix.cpp:109: first defined here
Matrix.o: In function `Matrix::binary()':
/home/tjddus0403/tetris/assign/Matrix.cpp:115: multiple definition of `Matrix::binary()'
Main.o:/home/tjddus0403/tetris/assign/Matrix.cpp:115: first defined here
Matrix.o: In function `Matrix::anyGreaterThan(int)':
/home/tjddus0403/tetris/assign/Matrix.cpp:125: multiple definition of `Matrix::anyGreaterThan(int)'
Main.o:/home/tjddus0403/tetris/assign/Matrix.cpp:125: first defined here
Matrix.o: In function `Matrix::print()':
/home/tjddus0403/tetris/assign/Matrix.cpp:135: multiple definition of `Matrix::print()'
Main.o:/home/tjddus0403/tetris/assign/Matrix.cpp:135: first defined here
Matrix.o: In function `operator<<(std::ostream&, Matrix const&)':
/home/tjddus0403/tetris/assign/Matrix.cpp:145: multiple definition of `operator<<(std::ostream&, Matrix const&)'
Main.o:/home/tjddus0403/tetris/assign/Matrix.cpp:145: first defined here
Matrix.o: In function `Matrix::operator=(Matrix const&)':
/home/tjddus0403/tetris/assign/Matrix.cpp:157: multiple definition of `Matrix::operator=(Matrix const&)'
Main.o:/home/tjddus0403/tetris/assign/Matrix.cpp:157: first defined here
Tetris.o:(.bss+0x0): multiple definition of `Tetris::iScreenDw'
Main.o:(.bss+0x0): first defined here
Tetris.o:(.bss+0x8): multiple definition of `Tetris::setOfBlockObjects'
Main.o:(.bss+0x8): first defined here
Tetris.o:(.bss+0x10): multiple definition of `Tetris::nBlockTypes'
Main.o:(.bss+0x10): first defined here
Tetris.o:(.bss+0x14): multiple definition of `Tetris::nBlockDegrees'
Main.o:(.bss+0x14): first defined here
Tetris.o: In function `__gnu_cxx::__enable_if<std::__is_integer<int>::__value, double>::__type std::sqrt<int>(int)':
/home/tjddus0403/tetris/assign/Matrix.cpp:3: multiple definition of `Matrix::alloc(int, int)'
Main.o:/home/tjddus0403/tetris/assign/Matrix.cpp:3: first defined here
Tetris.o: In function `Matrix::get_dy()':
/home/tjddus0403/tetris/assign/Matrix.cpp:15: multiple definition of `Matrix::get_dy()'
Main.o:/home/tjddus0403/tetris/assign/Matrix.cpp:15: first defined here
Tetris.o: In function `Matrix::get_dx()':
/home/tjddus0403/tetris/assign/Matrix.cpp:17: multiple definition of `Matrix::get_dx()'
Main.o:/home/tjddus0403/tetris/assign/Matrix.cpp:17: first defined here
Tetris.o: In function `Matrix::get_array()':
/home/tjddus0403/tetris/assign/Matrix.cpp:19: multiple definition of `Matrix::get_array()'
Main.o:/home/tjddus0403/tetris/assign/Matrix.cpp:19: first defined here
Tetris.o: In function `Matrix::Matrix()':
/home/tjddus0403/tetris/assign/Matrix.cpp:21: multiple definition of `Matrix::Matrix()'
Main.o:/home/tjddus0403/tetris/assign/Matrix.cpp:21: first defined here
Tetris.o: In function `Matrix::Matrix()':
/home/tjddus0403/tetris/assign/Matrix.cpp:21: multiple definition of `Matrix::Matrix()'
Main.o:/home/tjddus0403/tetris/assign/Matrix.cpp:21: first defined here
Tetris.o: In function `Matrix::~Matrix()':
/home/tjddus0403/tetris/assign/Matrix.cpp:23: multiple definition of `Matrix::~Matrix()'
Main.o:/home/tjddus0403/tetris/assign/Matrix.cpp:23: first defined here
Tetris.o: In function `Matrix::~Matrix()':
/home/tjddus0403/tetris/assign/Matrix.cpp:23: multiple definition of `Matrix::~Matrix()'
Main.o:/home/tjddus0403/tetris/assign/Matrix.cpp:23: first defined here
Tetris.o: In function `Matrix::Matrix(int, int)':
/home/tjddus0403/tetris/assign/Matrix.cpp:29: multiple definition of `Matrix::Matrix(int, int)'
Main.o:/home/tjddus0403/tetris/assign/Matrix.cpp:29: first defined here
Tetris.o: In function `Matrix::Matrix(int, int)':
/home/tjddus0403/tetris/assign/Matrix.cpp:29: multiple definition of `Matrix::Matrix(int, int)'
Main.o:/home/tjddus0403/tetris/assign/Matrix.cpp:29: first defined here
Tetris.o: In function `Matrix::Matrix(Matrix const*)':
/home/tjddus0403/tetris/assign/Matrix.cpp:37: multiple definition of `Matrix::Matrix(Matrix const*)'
Main.o:/home/tjddus0403/tetris/assign/Matrix.cpp:37: first defined here
Tetris.o: In function `Matrix::Matrix(Matrix const*)':
/home/tjddus0403/tetris/assign/Matrix.cpp:37: multiple definition of `Matrix::Matrix(Matrix const*)'
Main.o:/home/tjddus0403/tetris/assign/Matrix.cpp:37: first defined here
Tetris.o: In function `Matrix::Matrix(Matrix const&)':
/home/tjddus0403/tetris/assign/Matrix.cpp:45: multiple definition of `Matrix::Matrix(Matrix const&)'
Main.o:/home/tjddus0403/tetris/assign/Matrix.cpp:45: first defined here
Tetris.o: In function `Matrix::Matrix(Matrix const&)':
/home/tjddus0403/tetris/assign/Matrix.cpp:45: multiple definition of `Matrix::Matrix(Matrix const&)'
Main.o:/home/tjddus0403/tetris/assign/Matrix.cpp:45: first defined here
Tetris.o: In function `Matrix::Matrix(int*, int, int)':
/home/tjddus0403/tetris/assign/Matrix.cpp:53: multiple definition of `Matrix::Matrix(int*, int, int)'
Main.o:/home/tjddus0403/tetris/assign/Matrix.cpp:53: first defined here
Tetris.o: In function `Matrix::Matrix(int*, int, int)':
/home/tjddus0403/tetris/assign/Matrix.cpp:53: multiple definition of `Matrix::Matrix(int*, int, int)'
Main.o:/home/tjddus0403/tetris/assign/Matrix.cpp:53: first defined here
Tetris.o: In function `Matrix::clip(int, int, int, int)':
/home/tjddus0403/tetris/assign/Matrix.cpp:61: multiple definition of `Matrix::clip(int, int, int, int)'
Main.o:/home/tjddus0403/tetris/assign/Matrix.cpp:61: first defined here
Tetris.o: In function `Matrix::paste(Matrix const*, int, int)':
/home/tjddus0403/tetris/assign/Matrix.cpp:79: multiple definition of `Matrix::paste(Matrix const*, int, int)'
Main.o:/home/tjddus0403/tetris/assign/Matrix.cpp:79: first defined here
Tetris.o: In function `Matrix::add(Matrix const*)':
/home/tjddus0403/tetris/assign/Matrix.cpp:92: multiple definition of `Matrix::add(Matrix const*)'
Main.o:/home/tjddus0403/tetris/assign/Matrix.cpp:92: first defined here
Tetris.o: In function `Matrix::sum()':
/home/tjddus0403/tetris/assign/Matrix.cpp:101: multiple definition of `Matrix::sum()'
Main.o:/home/tjddus0403/tetris/assign/Matrix.cpp:101: first defined here
Tetris.o: In function `Matrix::mulc(int)':
/home/tjddus0403/tetris/assign/Matrix.cpp:109: multiple definition of `Matrix::mulc(int)'
Main.o:/home/tjddus0403/tetris/assign/Matrix.cpp:109: first defined here
Tetris.o: In function `Matrix::binary()':
/home/tjddus0403/tetris/assign/Matrix.cpp:115: multiple definition of `Matrix::binary()'
Main.o:/home/tjddus0403/tetris/assign/Matrix.cpp:115: first defined here
Tetris.o: In function `Matrix::anyGreaterThan(int)':
/home/tjddus0403/tetris/assign/Matrix.cpp:125: multiple definition of `Matrix::anyGreaterThan(int)'
Main.o:/home/tjddus0403/tetris/assign/Matrix.cpp:125: first defined here
Tetris.o: In function `Matrix::print()':
/home/tjddus0403/tetris/assign/Matrix.cpp:135: multiple definition of `Matrix::print()'
Main.o:/home/tjddus0403/tetris/assign/Matrix.cpp:135: first defined here
Tetris.o: In function `operator<<(std::ostream&, Matrix const&)':
/home/tjddus0403/tetris/assign/Matrix.cpp:145: multiple definition of `operator<<(std::ostream&, Matrix const&)'
Main.o:/home/tjddus0403/tetris/assign/Matrix.cpp:145: first defined here
Tetris.o: In function `Matrix::operator=(Matrix const&)':
/home/tjddus0403/tetris/assign/Matrix.cpp:157: multiple definition of `Matrix::operator=(Matrix const&)'
Main.o:/home/tjddus0403/tetris/assign/Matrix.cpp:157: first defined here
Tetris.o: In function `Tetris::Tetris()':
/home/tjddus0403/tetris/assign/Tetris.cpp:6: multiple definition of `Tetris::Tetris()'
Main.o:/home/tjddus0403/tetris/assign/Tetris.cpp:6: first defined here
Tetris.o: In function `Tetris::createArrayScreen(int*)':
/home/tjddus0403/tetris/assign/Tetris.cpp:53: multiple definition of `Tetris::createArrayScreen(int*)'
Main.o:/home/tjddus0403/tetris/assign/Tetris.cpp:53: first defined here
Tetris.o: In function `Tetris::Tetris()':
/home/tjddus0403/tetris/assign/Tetris.cpp:6: multiple definition of `Tetris::Tetris()'
Main.o:/home/tjddus0403/tetris/assign/Tetris.cpp:6: first defined here
Tetris.o: In function `Tetris::Tetris(int, int)':
/home/tjddus0403/tetris/assign/Tetris.cpp:16: multiple definition of `Tetris::Tetris(int, int)'
Main.o:/home/tjddus0403/tetris/assign/Tetris.cpp:16: first defined here
Tetris.o: In function `Tetris::Tetris(int, int)':
/home/tjddus0403/tetris/assign/Tetris.cpp:16: multiple definition of `Tetris::Tetris(int, int)'
Main.o:/home/tjddus0403/tetris/assign/Tetris.cpp:16: first defined here
Tetris.o: In function `Tetris::~Tetris()':
/home/tjddus0403/tetris/assign/Tetris.cpp:26: multiple definition of `Tetris::~Tetris()'
Main.o:/home/tjddus0403/tetris/assign/Tetris.cpp:26: first defined here
Tetris.o: In function `Tetris::~Tetris()':
/home/tjddus0403/tetris/assign/Tetris.cpp:26: multiple definition of `Tetris::~Tetris()'
Main.o:/home/tjddus0403/tetris/assign/Tetris.cpp:26: first defined here
Tetris.o: In function `Tetris::init(int**, int, int)':
/home/tjddus0403/tetris/assign/Tetris.cpp:33: multiple definition of `Tetris::init(int**, int, int)'
Main.o:/home/tjddus0403/tetris/assign/Tetris.cpp:33: first defined here
Tetris.o: In function `Tetris::accept(char)':
/home/tjddus0403/tetris/assign/Tetris.cpp:72: multiple definition of `Tetris::accept(char)'
Main.o:/home/tjddus0403/tetris/assign/Tetris.cpp:72: first defined here
Tetris.o: In function `Tetris::deleteFullLines()':
/home/tjddus0403/tetris/assign/Tetris.cpp:152: multiple definition of `Tetris::deleteFullLines()'
Main.o:/home/tjddus0403/tetris/assign/Tetris.cpp:152: first defined here
CTetris.o:(.bss+0x0): multiple definition of `Tetris::iScreenDw'
Main.o:(.bss+0x0): first defined here
CTetris.o:(.bss+0x8): multiple definition of `Tetris::setOfBlockObjects'
Main.o:(.bss+0x8): first defined here
CTetris.o:(.bss+0x10): multiple definition of `Tetris::nBlockTypes'
Main.o:(.bss+0x10): first defined here
CTetris.o:(.bss+0x14): multiple definition of `Tetris::nBlockDegrees'
Main.o:(.bss+0x14): first defined here
CTetris.o:(.bss+0x18): multiple definition of `CTetris::setOfCBlockObjects'
Main.o:(.bss+0x18): first defined here
CTetris.o: In function `__gnu_cxx::__enable_if<std::__is_integer<int>::__value, double>::__type std::sqrt<int>(int)':
/home/tjddus0403/tetris/assign/CTetris.cpp:3: multiple definition of `CTetris::~CTetris()'
Main.o:/home/tjddus0403/tetris/assign/CTetris.cpp:3: first defined here
CTetris.o: In function `__gnu_cxx::__enable_if<std::__is_integer<int>::__value, double>::__type std::sqrt<int>(int)':
/home/tjddus0403/tetris/assign/CTetris.cpp:3: multiple definition of `CTetris::~CTetris()'
Main.o:/home/tjddus0403/tetris/assign/CTetris.cpp:3: first defined here
CTetris.o: In function `CTetris::init(int**, int, int)':
/home/tjddus0403/tetris/assign/CTetris.cpp:8: multiple definition of `CTetris::init(int**, int, int)'
Main.o:/home/tjddus0403/tetris/assign/CTetris.cpp:8: first defined here
CTetris.o: In function `CTetris::accept(char)':
/home/tjddus0403/tetris/assign/CTetris.cpp:31: multiple definition of `CTetris::accept(char)'
Main.o:/home/tjddus0403/tetris/assign/CTetris.cpp:31: first defined here
CTetris.o: In function `CTetris::deleteFullLines()':
/home/tjddus0403/tetris/assign/CTetris.cpp:49: multiple definition of `CTetris::deleteFullLines()'
Main.o:/home/tjddus0403/tetris/assign/CTetris.cpp:49: first defined here
ttymodes.o: In function `tty_cbreak(int)':
/home/tjddus0403/tetris/assign/ttymodes.c:10: multiple definition of `tty_cbreak(int)'
Main.o:/home/tjddus0403/tetris/assign/ttymodes.c:10: first defined here
ttymodes.o: In function `tty_raw(int)':
/home/tjddus0403/tetris/assign/ttymodes.c:63: multiple definition of `tty_raw(int)'
Main.o:/home/tjddus0403/tetris/assign/ttymodes.c:63: first defined here
ttymodes.o: In function `tty_reset(int)':
/home/tjddus0403/tetris/assign/ttymodes.c:142: multiple definition of `tty_reset(int)'
Main.o:/home/tjddus0403/tetris/assign/ttymodes.c:142: first defined here
ttymodes.o: In function `tty_atexit()':
/home/tjddus0403/tetris/assign/ttymodes.c:153: multiple definition of `tty_atexit()'
Main.o:/home/tjddus0403/tetris/assign/ttymodes.c:153: first defined here
ttymodes.o: In function `tty_termios()':
/home/tjddus0403/tetris/assign/ttymodes.c:160: multiple definition of `tty_termios()'
Main.o:/home/tjddus0403/tetris/assign/ttymodes.c:160: first defined here
collect2: error: ld returned 1 exit status
Makefile:11: recipe for target 'Main.exe' failed
make: *** [Main.exe] Error 1
